2024-08-03 13:58:56,799 - apscheduler.scheduler - INFO - Scheduler started
2024-08-03 13:59:33,269 - scholarly - INFO - Getting https://scholar.google.com/scholar?hl=en&q=jurnal%20penelitian%20tentang%20vape&as_vis=0&as_sdt=0,33
2024-08-03 13:59:36,638 - httpx - INFO - HTTP Request: GET https://scholar.google.com/scholar?hl=en&q=jurnal%20penelitian%20tentang%20vape&as_vis=0&as_sdt=0,33 "HTTP/1.1 200 OK"
2024-08-03 14:01:16,579 - telegram.ext.updater - INFO - Received signal 2 (SIGINT), stopping...
2024-08-03 14:01:16,579 - apscheduler.scheduler - INFO - Scheduler has been shut down
2024-08-03 14:01:50,297 - apscheduler.scheduler - INFO - Scheduler started
2024-08-03 14:02:02,165 - scholarly - INFO - Getting https://scholar.google.com/scholar?hl=en&q=jurnal%20penelitian%20tentang%20vape&as_vis=0&as_sdt=0,33
2024-08-03 14:02:05,088 - httpx - INFO - HTTP Request: GET https://scholar.google.com/scholar?hl=en&q=jurnal%20penelitian%20tentang%20vape&as_vis=0&as_sdt=0,33 "HTTP/1.1 200 OK"
2024-08-03 14:02:05,173 - __main__ - INFO - Results received: {'container_type': 'Publication', 'source': <PublicationSource.PUBLICATION_SEARCH_SNIPPET: 'PUBLICATION_SEARCH_SNIPPET'>, 'bib': {'title': 'Perilaku mahasisawa pengguna vapor dan dampaknya pada kesehatan', 'author': ['OT Ariyani', 'M Ririanty', 'I Nafikadini'], 'pub_year': '2019', 'venue': '… (Jurnal Ilmiah Penelitian …', 'abstract': 'Penelitian ini dilakukan di Universitas Jember, salah satu perguruan tinggi  penelitian ini  sebanyak empat orang dan informan kunci sebanyak satu orang yaitu karyawan penjual vapor.'}, 'filled': False, 'gsrank': 1, 'pub_url': 'https://jurnal.uinsu.ac.id/index.php/kesmas/article/view/3913', 'author_id': ['', 'JcytqAQAAAAJ', 'xJYH6_8AAAAJ'], 'url_scholarbib': '/scholar?hl=en&q=info:1X-0FMMkzIIJ:scholar.google.com/&output=cite&scirp=0&hl=en', 'url_add_sclib': '/citations?hl=en&xsrf=&continue=/scholar%3Fq%3Djurnal%2Bpenelitian%2Btentang%2Bvape%26hl%3Den%26as_sdt%3D0,33&citilm=1&update_op=library_add&info=1X-0FMMkzIIJ&ei=7dWtZpeeAamo6rQPsqC_uQw&json=', 'num_citations': 8, 'citedby_url': '/scholar?cites=9424948540464201685&as_sdt=5,33&sciodt=0,33&hl=en', 'url_related_articles': '/scholar?q=related:1X-0FMMkzIIJ:scholar.google.com/&scioq=jurnal+penelitian+tentang+vape&hl=en&as_sdt=0,33', 'eprint_url': 'https://jurnal.uinsu.ac.id/index.php/kesmas/article/download/3913/2186'}
2024-08-03 14:03:37,317 - scholarly - INFO - Getting https://scholar.google.com/scholar?hl=en&q=dampak%20negatif%20rokok&as_vis=0&as_sdt=0,33
2024-08-03 14:03:40,522 - httpx - INFO - HTTP Request: GET https://scholar.google.com/scholar?hl=en&q=dampak%20negatif%20rokok&as_vis=0&as_sdt=0,33 "HTTP/1.1 200 OK"
2024-08-03 14:03:40,608 - __main__ - INFO - Results received: {'container_type': 'Publication', 'source': <PublicationSource.PUBLICATION_SEARCH_SNIPPET: 'PUBLICATION_SEARCH_SNIPPET'>, 'bib': {'title': 'Pemahaman Mahasiswa terhadap Dampak Negatif Rokok untuk Meningkatkan Kesadaran Pendidikan Nilai Moral', 'author': ['D Suhaida'], 'pub_year': '2016', 'venue': 'Untirta Civic Education Journal', 'abstract': 'mahasiswa terhadap dampak negatif rokok bagi kesehatan cukup baik, karena rokok dapat   pandangan mahasiswa terhadap dampak negatif rokok, bahwa rokok adalah sesuatu yang'}, 'filled': False, 'gsrank': 1, 'pub_url': 'https://jurnal.untirta.ac.id/index.php/UCEJ/article/view/1880', 'author_id': ['JWQ9ndEAAAAJ'], 'url_scholarbib': '/scholar?hl=en&q=info:J9DsfEA0Ip8J:scholar.google.com/&output=cite&scirp=0&hl=en', 'url_add_sclib': '/citations?hl=en&xsrf=&continue=/scholar%3Fq%3Ddampak%2Bnegatif%2Brokok%26hl%3Den%26as_sdt%3D0,33&citilm=1&update_op=library_add&info=J9DsfEA0Ip8J&ei=TNatZtitHLSp6rQP5pGgcQ&json=', 'num_citations': 7, 'citedby_url': '/scholar?cites=11466785052817149991&as_sdt=5,33&sciodt=0,33&hl=en', 'url_related_articles': '/scholar?q=related:J9DsfEA0Ip8J:scholar.google.com/&scioq=dampak+negatif+rokok&hl=en&as_sdt=0,33', 'eprint_url': 'https://jurnal.untirta.ac.id/index.php/UCEJ/article/viewFile/1880/1450'}
2024-08-03 14:04:54,337 - telegram.ext.updater - INFO - Received signal 2 (SIGINT), stopping...
2024-08-03 14:04:54,337 - apscheduler.scheduler - INFO - Scheduler has been shut down
2024-08-03 14:05:11,100 - apscheduler.scheduler - INFO - Scheduler started
2024-08-03 14:05:20,415 - scholarly - INFO - Getting https://scholar.google.com/scholar?hl=en&q=dampak%20negatif%20rokok&as_vis=0&as_sdt=0,33
2024-08-03 14:05:23,228 - httpx - INFO - HTTP Request: GET https://scholar.google.com/scholar?hl=en&q=dampak%20negatif%20rokok&as_vis=0&as_sdt=0,33 "HTTP/1.1 200 OK"
2024-08-03 14:05:23,348 - __main__ - INFO - Results received: {'container_type': 'Publication', 'source': <PublicationSource.PUBLICATION_SEARCH_SNIPPET: 'PUBLICATION_SEARCH_SNIPPET'>, 'bib': {'title': 'Pemahaman Mahasiswa terhadap Dampak Negatif Rokok untuk Meningkatkan Kesadaran Pendidikan Nilai Moral', 'author': ['D Suhaida'], 'pub_year': '2016', 'venue': 'Untirta Civic Education Journal', 'abstract': 'mahasiswa terhadap dampak negatif rokok bagi kesehatan cukup baik, karena rokok dapat   pandangan mahasiswa terhadap dampak negatif rokok, bahwa rokok adalah sesuatu yang'}, 'filled': False, 'gsrank': 1, 'pub_url': 'https://jurnal.untirta.ac.id/index.php/UCEJ/article/view/1880', 'author_id': ['JWQ9ndEAAAAJ'], 'url_scholarbib': '/scholar?hl=en&q=info:J9DsfEA0Ip8J:scholar.google.com/&output=cite&scirp=0&hl=en', 'url_add_sclib': '/citations?hl=en&xsrf=&continue=/scholar%3Fq%3Ddampak%2Bnegatif%2Brokok%26hl%3Den%26as_sdt%3D0,33&citilm=1&update_op=library_add&info=J9DsfEA0Ip8J&ei=s9atZsGnCq6G6rQPgf3h-Ag&json=', 'num_citations': 7, 'citedby_url': '/scholar?cites=11466785052817149991&as_sdt=5,33&sciodt=0,33&hl=en', 'url_related_articles': '/scholar?q=related:J9DsfEA0Ip8J:scholar.google.com/&scioq=dampak+negatif+rokok&hl=en&as_sdt=0,33', 'eprint_url': 'https://jurnal.untirta.ac.id/index.php/UCEJ/article/viewFile/1880/1450'}
2024-08-03 14:06:19,127 - scholarly - INFO - Getting https://scholar.google.com/scholar?hl=en&q=perbandingan%20dampak%20rokok%20dengan%20vape&as_vis=0&as_sdt=0,33
2024-08-03 14:06:22,537 - httpx - INFO - HTTP Request: GET https://scholar.google.com/scholar?hl=en&q=perbandingan%20dampak%20rokok%20dengan%20vape&as_vis=0&as_sdt=0,33 "HTTP/1.1 200 OK"
2024-08-03 14:06:22,649 - __main__ - INFO - Results received: {'container_type': 'Publication', 'source': <PublicationSource.PUBLICATION_SEARCH_SNIPPET: 'PUBLICATION_SEARCH_SNIPPET'>, 'bib': {'title': 'Penggunaan Rokok Elektrik (Vape) di Kota Makassar Perspektif Hukum Islam', 'author': ['R Kartika Fitriani', 'Z Mustafa'], 'pub_year': '2020', 'venue': '… Mahasiswa Perbandingan …', 'abstract': 'Karena rokok tetaplah rokok yang harus digunakan sesuai batas normal  dampak rokok  tersebut.. Penulis didorong untuk melakukan penelitian tentang penggunaan rokok elektrik (vape'}, 'filled': False, 'gsrank': 1, 'pub_url': 'https://garuda.kemdikbud.go.id/documents/detail/2466228', 'author_id': ['', 'RqyIS20AAAAJ'], 'url_scholarbib': '/scholar?hl=en&q=info:Nv4bcNzr01oJ:scholar.google.com/&output=cite&scirp=0&hl=en', 'url_add_sclib': '/citations?hl=en&xsrf=&continue=/scholar%3Fq%3Dperbandingan%2Bdampak%2Brokok%2Bdengan%2Bvape%26hl%3Den%26as_sdt%3D0,33&citilm=1&update_op=library_add&info=Nv4bcNzr01oJ&ei=7tatZsHRHbSp6rQP5pGgcQ&json=', 'num_citations': 2, 'citedby_url': '/scholar?cites=6544834015505677878&as_sdt=5,33&sciodt=0,33&hl=en', 'url_related_articles': '/scholar?q=related:Nv4bcNzr01oJ:scholar.google.com/&scioq=perbandingan+dampak+rokok+dengan+vape&hl=en&as_sdt=0,33'}
2024-08-03 14:08:34,097 - telegram.ext.updater - INFO - Received signal 2 (SIGINT), stopping...
2024-08-03 14:08:34,098 - apscheduler.scheduler - INFO - Scheduler has been shut down
2024-08-03 14:09:06,547 - apscheduler.scheduler - INFO - Scheduler started
2024-08-03 14:10:15,667 - scholarly - INFO - Getting https://scholar.google.com/scholar?hl=en&q=ketimpangan%20sosial%20yang%20terjadi%20di%20indonesia&as_vis=0&as_sdt=0,33
2024-08-03 14:10:18,617 - httpx - INFO - HTTP Request: GET https://scholar.google.com/scholar?hl=en&q=ketimpangan%20sosial%20yang%20terjadi%20di%20indonesia&as_vis=0&as_sdt=0,33 "HTTP/1.1 200 OK"
2024-08-03 14:10:18,808 - __main__ - INFO - Results received: {'container_type': 'Publication', 'source': <PublicationSource.PUBLICATION_SEARCH_SNIPPET: 'PUBLICATION_SEARCH_SNIPPET'>, 'bib': {'title': 'DAMPAK KESENJANGAN SOSIAL DI INDONESIA', 'author': ['Z Fabela', 'A Khairunnisa'], 'pub_year': '2024', 'venue': '… Jurnal Riset Ilmiah', 'abstract': 'Penelitian ini bertujuan untuk membahas kesenjangan sosial di Indonesia  kesenjangan  sosial yang terjadi di Indonesia ,yang menyebabkan naiknya angka kemiskinan di Indonesia'}, 'filled': False, 'gsrank': 1, 'pub_url': 'https://ejournal.nusantaraglobal.or.id/index.php/sentri/article/view/3004', 'author_id': ['', ''], 'url_scholarbib': '/scholar?hl=en&q=info:1tfluKgeSFwJ:scholar.google.com/&output=cite&scirp=0&hl=en', 'url_add_sclib': '/citations?hl=en&xsrf=&continue=/scholar%3Fq%3Dketimpangan%2Bsosial%2Byang%2Bterjadi%2Bdi%2Bindonesia%26hl%3Den%26as_sdt%3D0,33&citilm=1&update_op=library_add&info=1tfluKgeSFwJ&ei=2tetZujxIamo6rQPsqC_uQw&json=', 'num_citations': 0, 'url_related_articles': '/scholar?q=related:1tfluKgeSFwJ:scholar.google.com/&scioq=ketimpangan+sosial+yang+terjadi+di+indonesia&hl=en&as_sdt=0,33', 'eprint_url': 'https://ejournal.nusantaraglobal.or.id/index.php/sentri/article/download/3004/2968'}
2024-08-03 14:11:22,715 - telegram.ext.updater - INFO - Received signal 2 (SIGINT), stopping...
2024-08-03 14:11:22,717 - apscheduler.scheduler - INFO - Scheduler has been shut down
2024-08-03 14:22:18,807 - apscheduler.scheduler - INFO - Scheduler started
2024-08-03 14:22:53,006 - scholarly - INFO - Getting https://scholar.google.com/scholar?hl=en&q=jurnal%20ilmiah%20yang%20membahas%20penggunaan%20plastik&as_vis=0&as_sdt=0,33
2024-08-03 14:22:56,490 - httpx - INFO - HTTP Request: GET https://scholar.google.com/scholar?hl=en&q=jurnal%20ilmiah%20yang%20membahas%20penggunaan%20plastik&as_vis=0&as_sdt=0,33 "HTTP/1.1 200 OK"
2024-08-03 14:22:56,605 - __main__ - INFO - Results received: {'container_type': 'Publication', 'source': <PublicationSource.PUBLICATION_SEARCH_SNIPPET: 'PUBLICATION_SEARCH_SNIPPET'>, 'bib': {'title': 'Efektivitas pengendalian sampah plastik untuk mendukung kelestarian lingkungan hidup di kota Semarang', 'author': ['CA Rahmayani', 'A Aminah'], 'pub_year': '2021', 'venue': 'Jurnal Pembangunan Hukum …', 'abstract': 'Dalam rangka mengurangi penggunaan plastik dan peredaran sampah plastik, serta untuk   yang berpengaruh, hasil tulisan ilmiah seperti tesis, disertasi, jurnal, makalah, laporan'}, 'filled': False, 'gsrank': 1, 'pub_url': 'https://ejournal2.undip.ac.id/index.php/jphi/article/view/10231', 'author_id': ['', ''], 'url_scholarbib': '/scholar?hl=en&q=info:9MxQUfFAuzEJ:scholar.google.com/&output=cite&scirp=0&hl=en', 'url_add_sclib': '/citations?hl=en&xsrf=&continue=/scholar%3Fq%3Djurnal%2Bilmiah%2Byang%2Bmembahas%2Bpenggunaan%2Bplastik%26hl%3Den%26as_sdt%3D0,33&citilm=1&update_op=library_add&info=9MxQUfFAuzEJ&ei=0NqtZv71Gq6G6rQPgf3h-Ag&json=', 'num_citations': 61, 'citedby_url': '/scholar?cites=3583529333698907380&as_sdt=5,33&sciodt=0,33&hl=en', 'url_related_articles': '/scholar?q=related:9MxQUfFAuzEJ:scholar.google.com/&scioq=jurnal+ilmiah+yang+membahas+penggunaan+plastik&hl=en&as_sdt=0,33', 'eprint_url': 'https://ejournal2.undip.ac.id/index.php/jphi/article/viewFile/10231/5176'}
2024-08-03 14:23:42,863 - telegram.ext.updater - INFO - Received signal 2 (SIGINT), stopping...
2024-08-03 14:23:42,863 - apscheduler.scheduler - INFO - Scheduler has been shut down
2024-08-04 17:27:36,881 - apscheduler.scheduler - INFO - Scheduler started
2024-08-04 17:28:50,263 - scholarly - INFO - Getting https://scholar.google.com/scholar?hl=en&q=penggunaan%20gadget%20pada%20usia%20dini&as_vis=0&as_sdt=0,33
2024-08-04 17:28:53,727 - httpx - INFO - HTTP Request: GET https://scholar.google.com/scholar?hl=en&q=penggunaan%20gadget%20pada%20usia%20dini&as_vis=0&as_sdt=0,33 "HTTP/1.1 200 OK"
2024-08-04 17:28:53,847 - __main__ - INFO - Results received: {'container_type': 'Publication', 'source': <PublicationSource.PUBLICATION_SEARCH_SNIPPET: 'PUBLICATION_SEARCH_SNIPPET'>, 'bib': {'title': 'Analisis penggunaan gadget pada anak usia dini', 'author': ['NS Rahayu', 'E Elan', 'S Mulyadi'], 'pub_year': '2021', 'venue': 'Jurnal PAUD Agapedia', 'abstract': 'penting dalam kehidupan manusia. Tujuan dari penelitian ini ialah untuk menganalisis  penggunaan gadget oleh anak usia dini dan peran dalam mendampingi penggunaan gadget.'}, 'filled': False, 'gsrank': 1, 'pub_url': 'https://ejournal.upi.edu/index.php/agapedia/article/view/40743', 'author_id': ['', 'LrcF6RMAAAAJ', 'joOwhjMAAAAJ'], 'url_scholarbib': '/scholar?hl=en&q=info:CPkPBcEmYPEJ:scholar.google.com/&output=cite&scirp=0&hl=en', 'url_add_sclib': '/citations?hl=en&xsrf=&continue=/scholar%3Fq%3Dpenggunaan%2Bgadget%2Bpada%2Busia%2Bdini%26hl%3Den%26as_sdt%3D0,33&citilm=1&update_op=library_add&info=CPkPBcEmYPEJ&ei=5levZoWbAq6G6rQPgf3h-Ag&json=', 'num_citations': 77, 'citedby_url': '/scholar?cites=17392944371360332040&as_sdt=5,33&sciodt=0,33&hl=en', 'url_related_articles': '/scholar?q=related:CPkPBcEmYPEJ:scholar.google.com/&scioq=penggunaan+gadget+pada+usia+dini&hl=en&as_sdt=0,33', 'eprint_url': 'https://ejournal.upi.edu/index.php/agapedia/article/download/40743/17075'}
2024-08-04 17:30:35,595 - scholarly - INFO - Getting https://scholar.google.com/scholar?hl=en&q=pemasaran%20digital&as_vis=0&as_sdt=0,33
2024-08-04 17:30:39,018 - httpx - INFO - HTTP Request: GET https://scholar.google.com/scholar?hl=en&q=pemasaran%20digital&as_vis=0&as_sdt=0,33 "HTTP/1.1 200 OK"
2024-08-04 17:30:39,083 - __main__ - INFO - Results received: {'container_type': 'Publication', 'source': <PublicationSource.PUBLICATION_SEARCH_SNIPPET: 'PUBLICATION_SEARCH_SNIPPET'>, 'bib': {'title': 'Mengenal pemasaran digital dan market place: Solusi meningkatkan penjualan di masa pandemi covid-19', 'author': ['W Wahyudi', 'M Mukrodi', 'E Sugiarti'], 'pub_year': '2022', 'venue': 'Jurnal PKM …', 'abstract': 'Selatan, tentang penggunaan pemasaran digital dan pasar digital, sehingga dapat   melakukan pemasaran digital di pasar digital, seperti cara mendaftar dan membuka toko digital di'}, 'filled': False, 'gsrank': 1, 'pub_url': 'https://ojs.pseb.or.id/index.php/pkm/article/view/237', 'author_id': ['gpVPihMAAAAJ', 'm5jarN8AAAAJ', 'sE6V5VIAAAAJ'], 'url_scholarbib': '/scholar?hl=en&q=info:AcfIFBGuNqEJ:scholar.google.com/&output=cite&scirp=0&hl=en', 'url_add_sclib': '/citations?hl=en&xsrf=&continue=/scholar%3Fq%3Dpemasaran%2Bdigital%26hl%3Den%26as_sdt%3D0,33&citilm=1&update_op=library_add&info=AcfIFBGuNqEJ&ei=T1ivZsXwD8GD6rQPlLWliQM&json=', 'num_citations': 272, 'citedby_url': '/scholar?cites=11616663677235152641&as_sdt=5,33&sciodt=0,33&hl=en', 'url_related_articles': '/scholar?q=related:AcfIFBGuNqEJ:scholar.google.com/&scioq=pemasaran+digital&hl=en&as_sdt=0,33', 'eprint_url': 'https://ojs.pseb.or.id/index.php/pkm/article/download/237/143'}
2024-08-04 17:31:49,877 - scholarly - INFO - Getting https://scholar.google.com/scholar?hl=en&q=unpam&as_vis=0&as_sdt=0,33
2024-08-04 17:31:53,359 - httpx - INFO - HTTP Request: GET https://scholar.google.com/scholar?hl=en&q=unpam&as_vis=0&as_sdt=0,33 "HTTP/1.1 200 OK"
2024-08-04 17:31:53,430 - __main__ - INFO - Results received: {'container_type': 'Publication', 'source': <PublicationSource.PUBLICATION_SEARCH_SNIPPET: 'PUBLICATION_SEARCH_SNIPPET'>, 'bib': {'title': 'UNPAM PRESS.', 'author': ['MR Dasuki'], 'pub_year': '2024', 'venue': 'Meneroka jalinan filsafat ilmu dalam konteks …', 'abstract': 'B ahasa adalah hal yang tidak bisa dipisahkan dalam kehidupan manusia. Oleh sebab itu,  bahasa akan terus menjadi hal yang menarik untuk ditelisik-baik dalam tataran sosial'}, 'filled': False, 'gsrank': 1, 'pub_url': 'https://books.google.com/books?hl=en&lr=&id=Xw3wEAAAQBAJ&oi=fnd&pg=PA34&dq=unpam&ots=HUQpM-rTIa&sig=tE1atPjMllvJFUPrcEhusEkMAAg', 'author_id': [''], 'url_scholarbib': '/scholar?hl=en&q=info:u5gBtbW18HIJ:scholar.google.com/&output=cite&scirp=0&hl=en', 'url_add_sclib': '/citations?hl=en&xsrf=&continue=/scholar%3Fq%3Dunpam%26hl%3Den%26as_sdt%3D0,33&citilm=1&update_op=library_add&info=u5gBtbW18HIJ&ei=mVivZsDNJcGD6rQPlLWliQM&json=', 'num_citations': 0, 'url_related_articles': '/scholar?q=related:u5gBtbW18HIJ:scholar.google.com/&scioq=unpam&hl=en&as_sdt=0,33'}
2024-08-04 17:39:40,769 - telegram.ext.updater - INFO - Received signal 2 (SIGINT), stopping...
2024-08-04 17:39:40,769 - apscheduler.scheduler - INFO - Scheduler has been shut down
2024-08-05 14:36:33,030 - apscheduler.scheduler - INFO - Scheduler started
2024-08-05 14:36:58,490 - scholarly - INFO - Getting https://scholar.google.com/scholar?hl=en&q=penggunaan%20internet%20banking&as_vis=0&as_sdt=0,33
2024-08-05 14:37:00,799 - httpx - INFO - HTTP Request: GET https://scholar.google.com/scholar?hl=en&q=penggunaan%20internet%20banking&as_vis=0&as_sdt=0,33 "HTTP/1.1 200 OK"
2024-08-05 14:37:00,930 - __main__ - INFO - Results received: {'container_type': 'Publication', 'source': <PublicationSource.PUBLICATION_SEARCH_SNIPPET: 'PUBLICATION_SEARCH_SNIPPET'>, 'bib': {'title': 'Pengaruh kualitas layanan online terhadap kepuasan, komitmen, dan loyalitas nasabah internet banking di Kota Denpasar', 'author': ['IMSAS Sudirman', 'IGAKG Suasana'], 'pub_year': '2018', 'venue': 'INOBIS: Jurnal Inovasi Bisnis Dan …', 'abstract': 'pengaruh kepuasan terhadap loyalitas nasabah pengguna internet banking, baik secara  langsung maupun melalui mediasi komitmen nasabah. Subjek penelitian adalah nasabah'}, 'filled': False, 'gsrank': 1, 'pub_url': 'http://inobis.org/ojs/index.php/jurnal-inobis/article/view/52', 'author_id': ['e-7zpxIAAAAJ', 'QnkZfy4AAAAJ'], 'url_scholarbib': '/scholar?hl=en&q=info:K6a_gVWrq_QJ:scholar.google.com/&output=cite&scirp=0&hl=en', 'url_add_sclib': '/citations?hl=en&xsrf=&continue=/scholar%3Fq%3Dpenggunaan%2Binternet%2Bbanking%26hl%3Den%26as_sdt%3D0,33&citilm=1&update_op=library_add&info=K6a_gVWrq_QJ&ei=G4GwZueaO6mo6rQPsqC_uQw&json=', 'num_citations': 38, 'citedby_url': '/scholar?cites=17630373550009329195&as_sdt=5,33&sciodt=0,33&hl=en', 'url_related_articles': '/scholar?q=related:K6a_gVWrq_QJ:scholar.google.com/&scioq=penggunaan+internet+banking&hl=en&as_sdt=0,33', 'eprint_url': 'https://inobis.org/ojs/index.php/jurnal-inobis/article/download/52/42'}
2024-08-05 14:37:17,638 - scholarly - INFO - Getting https://scholar.google.com/scholar?hl=en&q=E-service%20quality%20terhadap%20kepuasan%20dan%20loyalitas%20pelanggan%20dalam%20penggunaan%20internet%20banking&as_vis=0&as_sdt=0,33
2024-08-05 14:37:20,278 - httpx - INFO - HTTP Request: GET https://scholar.google.com/scholar?hl=en&q=E-service%20quality%20terhadap%20kepuasan%20dan%20loyalitas%20pelanggan%20dalam%20penggunaan%20internet%20banking&as_vis=0&as_sdt=0,33 "HTTP/1.1 200 OK"
2024-08-05 14:37:20,398 - __main__ - INFO - Results received: {'container_type': 'Publication', 'source': <PublicationSource.PUBLICATION_SEARCH_SNIPPET: 'PUBLICATION_SEARCH_SNIPPET'>, 'bib': {'title': 'E-service quality terhadap kepuasan dan loyalitas pelanggan dalam penggunaan internet banking', 'author': ['NMS Anggraeni', 'NNK Yasa'], 'pub_year': '2012', 'venue': 'Jurnal keuangan dan perbankan', 'abstract': 'Banking industry had developed rapidly. It caused the competition and increasing the number of customersbecame difficult. An optimal e-service quality expected to meet the expectations of customers, so the companywas able to win the market competition and it would eventually bring the maximum profit. The objective of thisresearch was to know the effect of e-service quality towards customer satisfaction and loyalty in using internetbanking of Commonwealth Bank Seminyak Bali Branch. Respondents of this research were'}, 'filled': False, 'gsrank': 1, 'pub_url': 'http://jurnal.unmer.ac.id/index.php/jkdp/article/view/1072', 'author_id': ['', 'OFE6g3sAAAAJ'], 'url_scholarbib': '/scholar?hl=en&q=info:mqEh8PxzzvkJ:scholar.google.com/&output=cite&scirp=0&hl=en', 'url_add_sclib': '/citations?hl=en&xsrf=&continue=/scholar%3Fq%3DE-service%2Bquality%2Bterhadap%2Bkepuasan%2Bdan%2Bloyalitas%2Bpelanggan%2Bdalam%2Bpenggunaan%2Binternet%2Bbanking%26hl%3Den%26as_sdt%3D0,33&citilm=1&update_op=library_add&info=mqEh8PxzzvkJ&ei=L4GwZojbG66G6rQPgf3h-Ag&json=', 'num_citations': 123, 'citedby_url': '/scholar?cites=18000452290844139930&as_sdt=5,33&sciodt=0,33&hl=en', 'url_related_articles': '/scholar?q=related:mqEh8PxzzvkJ:scholar.google.com/&scioq=E-service+quality+terhadap+kepuasan+dan+loyalitas+pelanggan+dalam+penggunaan+internet+banking&hl=en&as_sdt=0,33', 'eprint_url': 'http://jurnal.unmer.ac.id/index.php/jkdp/article/viewFile/1072/709'}
2024-08-05 16:42:21,805 - telegram.ext.updater - INFO - Received signal 2 (SIGINT), stopping...
2024-08-05 16:42:21,812 - apscheduler.scheduler - INFO - Scheduler has been shut down
2024-08-05 16:42:30,723 - telegram.ext.updater - WARNING - Exiting immediately!
2024-08-06 21:51:48,113 - apscheduler.scheduler - INFO - Scheduler started
2024-08-06 21:52:12,948 - scholarly - INFO - Getting https://scholar.google.com/scholar?hl=en&q=jurnal%20ilmiah%20yang%20membahas%20penggunaan%20plastik&as_vis=0&as_sdt=0,33
2024-08-06 21:52:14,911 - httpx - INFO - HTTP Request: GET https://scholar.google.com/scholar?hl=en&q=jurnal%20ilmiah%20yang%20membahas%20penggunaan%20plastik&as_vis=0&as_sdt=0,33 "HTTP/1.1 200 OK"
2024-08-06 21:52:15,048 - __main__ - INFO - Results received: {'container_type': 'Publication', 'source': <PublicationSource.PUBLICATION_SEARCH_SNIPPET: 'PUBLICATION_SEARCH_SNIPPET'>, 'bib': {'title': 'Efektivitas pengendalian sampah plastik untuk mendukung kelestarian lingkungan hidup di kota Semarang', 'author': ['CA Rahmayani', 'A Aminah'], 'pub_year': '2021', 'venue': 'Jurnal Pembangunan Hukum …', 'abstract': 'Dalam rangka mengurangi penggunaan plastik dan peredaran sampah plastik, serta untuk   yang berpengaruh, hasil tulisan ilmiah seperti tesis, disertasi, jurnal, makalah, laporan'}, 'filled': False, 'gsrank': 1, 'pub_url': 'https://ejournal2.undip.ac.id/index.php/jphi/article/view/10231', 'author_id': ['', ''], 'url_scholarbib': '/scholar?hl=en&q=info:9MxQUfFAuzEJ:scholar.google.com/&output=cite&scirp=0&hl=en', 'url_add_sclib': '/citations?hl=en&xsrf=&continue=/scholar%3Fq%3Djurnal%2Bilmiah%2Byang%2Bmembahas%2Bpenggunaan%2Bplastik%26hl%3Den%26as_sdt%3D0,33&citilm=1&update_op=library_add&info=9MxQUfFAuzEJ&ei=nziyZsVA5q_qtA_p4MHRAw&json=', 'num_citations': 63, 'citedby_url': '/scholar?cites=3583529333698907380&as_sdt=5,33&sciodt=0,33&hl=en', 'url_related_articles': '/scholar?q=related:9MxQUfFAuzEJ:scholar.google.com/&scioq=jurnal+ilmiah+yang+membahas+penggunaan+plastik&hl=en&as_sdt=0,33', 'eprint_url': 'https://ejournal2.undip.ac.id/index.php/jphi/article/viewFile/10231/5176'}
2024-08-06 21:52:36,755 - telegram.ext.updater - INFO - Received signal 2 (SIGINT), stopping...
2024-08-06 21:52:36,755 - apscheduler.scheduler - INFO - Scheduler has been shut down
2024-08-06 21:52:43,540 - telegram.ext.updater - WARNING - Exiting immediately!
2024-08-06 21:52:51,878 - apscheduler.scheduler - INFO - Scheduler started
2024-08-06 21:53:00,537 - scholarly - INFO - Getting https://scholar.google.com/scholar?hl=en&q=jurnal%20ilmiah%20yang%20membahas%20penggunaan%20plastik&as_vis=0&as_sdt=0,33
2024-08-06 21:53:03,539 - httpx - INFO - HTTP Request: GET https://scholar.google.com/scholar?hl=en&q=jurnal%20ilmiah%20yang%20membahas%20penggunaan%20plastik&as_vis=0&as_sdt=0,33 "HTTP/1.1 200 OK"
2024-08-06 21:53:03,623 - __main__ - INFO - Results received: {'container_type': 'Publication', 'source': <PublicationSource.PUBLICATION_SEARCH_SNIPPET: 'PUBLICATION_SEARCH_SNIPPET'>, 'bib': {'title': 'Efektivitas pengendalian sampah plastik untuk mendukung kelestarian lingkungan hidup di kota Semarang', 'author': ['CA Rahmayani', 'A Aminah'], 'pub_year': '2021', 'venue': 'Jurnal Pembangunan Hukum …', 'abstract': 'Dalam rangka mengurangi penggunaan plastik dan peredaran sampah plastik, serta untuk   yang berpengaruh, hasil tulisan ilmiah seperti tesis, disertasi, jurnal, makalah, laporan'}, 'filled': False, 'gsrank': 1, 'pub_url': 'https://ejournal2.undip.ac.id/index.php/jphi/article/view/10231', 'author_id': ['', ''], 'url_scholarbib': '/scholar?hl=en&q=info:9MxQUfFAuzEJ:scholar.google.com/&output=cite&scirp=0&hl=en', 'url_add_sclib': '/citations?hl=en&xsrf=&continue=/scholar%3Fq%3Djurnal%2Bilmiah%2Byang%2Bmembahas%2Bpenggunaan%2Bplastik%26hl%3Den%26as_sdt%3D0,33&citilm=1&update_op=library_add&info=9MxQUfFAuzEJ&ei=zziyZs2JJ66G6rQPgf3h-Ag&json=', 'num_citations': 63, 'citedby_url': '/scholar?cites=3583529333698907380&as_sdt=5,33&sciodt=0,33&hl=en', 'url_related_articles': '/scholar?q=related:9MxQUfFAuzEJ:scholar.google.com/&scioq=jurnal+ilmiah+yang+membahas+penggunaan+plastik&hl=en&as_sdt=0,33', 'eprint_url': 'https://ejournal2.undip.ac.id/index.php/jphi/article/viewFile/10231/5176'}
2024-08-06 21:53:28,074 - telegram.ext.updater - INFO - Received signal 2 (SIGINT), stopping...
2024-08-06 21:53:28,075 - apscheduler.scheduler - INFO - Scheduler has been shut down
2024-08-06 21:53:41,122 - apscheduler.scheduler - INFO - Scheduler started
2024-08-06 21:53:47,579 - scholarly - INFO - Getting https://scholar.google.com/scholar?hl=en&q=jurnal%20ilmiah%20yang%20membahas%20penggunaan%20plastik&as_vis=0&as_sdt=0,33
2024-08-06 21:53:49,679 - httpx - INFO - HTTP Request: GET https://scholar.google.com/scholar?hl=en&q=jurnal%20ilmiah%20yang%20membahas%20penggunaan%20plastik&as_vis=0&as_sdt=0,33 "HTTP/1.1 200 OK"
2024-08-06 21:53:49,798 - __main__ - INFO - Results received: {'container_type': 'Publication', 'source': <PublicationSource.PUBLICATION_SEARCH_SNIPPET: 'PUBLICATION_SEARCH_SNIPPET'>, 'bib': {'title': 'Efektivitas pengendalian sampah plastik untuk mendukung kelestarian lingkungan hidup di kota Semarang', 'author': ['CA Rahmayani', 'A Aminah'], 'pub_year': '2021', 'venue': 'Jurnal Pembangunan Hukum …', 'abstract': 'Dalam rangka mengurangi penggunaan plastik dan peredaran sampah plastik, serta untuk   yang berpengaruh, hasil tulisan ilmiah seperti tesis, disertasi, jurnal, makalah, laporan'}, 'filled': False, 'gsrank': 1, 'pub_url': 'https://ejournal2.undip.ac.id/index.php/jphi/article/view/10231', 'author_id': ['', ''], 'url_scholarbib': '/scholar?hl=en&q=info:9MxQUfFAuzEJ:scholar.google.com/&output=cite&scirp=0&hl=en', 'url_add_sclib': '/citations?hl=en&xsrf=&continue=/scholar%3Fq%3Djurnal%2Bilmiah%2Byang%2Bmembahas%2Bpenggunaan%2Bplastik%26hl%3Den%26as_sdt%3D0,33&citilm=1&update_op=library_add&info=9MxQUfFAuzEJ&ei=_TiyZoS3L4a_6rQPo5rYwQk&json=', 'num_citations': 63, 'citedby_url': '/scholar?cites=3583529333698907380&as_sdt=5,33&sciodt=0,33&hl=en', 'url_related_articles': '/scholar?q=related:9MxQUfFAuzEJ:scholar.google.com/&scioq=jurnal+ilmiah+yang+membahas+penggunaan+plastik&hl=en&as_sdt=0,33', 'eprint_url': 'https://ejournal2.undip.ac.id/index.php/jphi/article/viewFile/10231/5176'}
2024-08-06 21:54:27,079 - scholarly - INFO - Getting https://scholar.google.com/scholar?hl=en&q=bisnis&as_vis=0&as_sdt=0,33
2024-08-06 21:54:29,899 - httpx - INFO - HTTP Request: GET https://scholar.google.com/scholar?hl=en&q=bisnis&as_vis=0&as_sdt=0,33 "HTTP/1.1 200 OK"
2024-08-06 21:54:29,980 - __main__ - INFO - Results received: {'container_type': 'Publication', 'source': <PublicationSource.PUBLICATION_SEARCH_SNIPPET: 'PUBLICATION_SEARCH_SNIPPET'>, 'bib': {'title': 'Penyelarasan Teknologi Informasidengan Strategi Bisnis', 'author': ['N Ashshidiqy', 'H Ali'], 'pub_year': '2019', 'venue': 'Jurnal Ekonomi Manajemen Sistem Informasi', 'abstract': 'Sukses dalam persaingan dalam sebuah bisnis terkait dengan  sebuah bisnis. Sebuah  perusahaan membutuhkan keselarasan antara strategi Teknologi Informasi dan Strategi Bisnis.'}, 'filled': False, 'gsrank': 1, 'pub_url': 'https://dinastirev.org/JEMSI/article/view/46', 'author_id': ['', ''], 'url_scholarbib': '/scholar?hl=en&q=info:ucIDqoTflZEJ:scholar.google.com/&output=cite&scirp=0&hl=en', 'url_add_sclib': '/citations?hl=en&xsrf=&continue=/scholar%3Fq%3Dbisnis%26hl%3Den%26as_sdt%3D0,33&citilm=1&update_op=library_add&info=ucIDqoTflZEJ&ei=JjmyZsUUqajqtA-yoL-5DA&json=', 'num_citations': 110, 'citedby_url': '/scholar?cites=10490536667910488761&as_sdt=5,33&sciodt=0,33&hl=en', 'url_related_articles': '/scholar?q=related:ucIDqoTflZEJ:scholar.google.com/&scioq=bisnis&hl=en&as_sdt=0,33', 'eprint_url': 'https://dinastirev.org/JEMSI/article/download/46/34'}
2024-08-06 21:54:47,137 - telegram.ext.updater - INFO - Received signal 2 (SIGINT), stopping...
2024-08-06 21:54:47,137 - apscheduler.scheduler - INFO - Scheduler has been shut down
2024-08-06 21:55:14,298 - __main__ - ERROR - Bot token is not set. Please set the TELEGRAM_BOT_TOKEN environment variable.
2024-08-06 21:56:25,469 - __main__ - ERROR - Bot token is not set. Please set the TELEGRAM_BOT_TOKEN environment variable.
2024-08-06 21:58:59,589 - apscheduler.scheduler - INFO - Scheduler started
2024-08-06 21:59:13,714 - scholarly - INFO - Getting https://scholar.google.com/scholar?hl=en&q=bisnis&as_vis=0&as_sdt=0,33
2024-08-06 21:59:16,493 - httpx - INFO - HTTP Request: GET https://scholar.google.com/scholar?hl=en&q=bisnis&as_vis=0&as_sdt=0,33 "HTTP/1.1 200 OK"
2024-08-06 21:59:34,086 - telegram.ext.updater - INFO - Received signal 2 (SIGINT), stopping...
2024-08-06 21:59:34,086 - apscheduler.scheduler - INFO - Scheduler has been shut down
2024-08-06 21:59:44,258 - telegram.ext.updater - WARNING - Exiting immediately!
2024-08-06 21:59:50,778 - apscheduler.scheduler - INFO - Scheduler started
2024-08-06 22:00:00,417 - scholarly - INFO - Getting https://scholar.google.com/scholar?hl=en&q=bisnis&as_vis=0&as_sdt=0,33
2024-08-06 22:00:02,579 - httpx - INFO - HTTP Request: GET https://scholar.google.com/scholar?hl=en&q=bisnis&as_vis=0&as_sdt=0,33 "HTTP/1.1 200 OK"
2024-08-06 22:01:47,208 - telegram.ext.updater - INFO - Received signal 2 (SIGINT), stopping...
2024-08-06 22:01:47,209 - apscheduler.scheduler - INFO - Scheduler has been shut down
2024-08-06 22:01:47,397 - telegram.ext.updater - WARNING - Exiting immediately!
2024-08-06 22:01:54,602 - __main__ - ERROR - Bot token is not set. Please set the TELEGRAM_BOT_TOKEN environment variable.
2024-08-06 22:02:23,087 - apscheduler.scheduler - INFO - Scheduler started
2024-08-06 22:02:57,405 - scholarly - INFO - Getting https://scholar.google.com/scholar?hl=en&q=penggunaan%20e-commerce&as_vis=0&as_sdt=0,33
2024-08-06 22:03:00,522 - httpx - INFO - HTTP Request: GET https://scholar.google.com/scholar?hl=en&q=penggunaan%20e-commerce&as_vis=0&as_sdt=0,33 "HTTP/1.1 200 OK"
2024-08-06 22:05:15,416 - telegram.ext.updater - INFO - Received signal 2 (SIGINT), stopping...
2024-08-06 22:05:15,416 - apscheduler.scheduler - INFO - Scheduler has been shut down
2024-08-06 22:05:48,148 - apscheduler.scheduler - INFO - Scheduler started
2024-08-06 22:06:11,350 - scholarly - INFO - Getting https://scholar.google.com/scholar?hl=en&q=Penggunaan%20e-commerce&as_vis=0&as_sdt=0,33
2024-08-06 22:06:14,578 - httpx - INFO - HTTP Request: GET https://scholar.google.com/scholar?hl=en&q=Penggunaan%20e-commerce&as_vis=0&as_sdt=0,33 "HTTP/1.1 200 OK"
2024-08-06 22:12:24,644 - telegram.ext.updater - INFO - Received signal 2 (SIGINT), stopping...
2024-08-06 22:12:24,644 - apscheduler.scheduler - INFO - Scheduler has been shut down
2024-08-06 22:12:28,472 - telegram.ext.updater - WARNING - Exiting immediately!
2024-08-07 14:54:43,987 - apscheduler.scheduler - INFO - Scheduler started
2024-08-07 14:55:50,649 - telegram.ext.updater - INFO - Received signal 2 (SIGINT), stopping...
2024-08-07 14:55:50,649 - apscheduler.scheduler - INFO - Scheduler has been shut down
2024-08-07 14:56:20,198 - apscheduler.scheduler - INFO - Scheduler started
2024-08-07 14:59:02,356 - telegram.ext.updater - INFO - Received signal 2 (SIGINT), stopping...
2024-08-07 14:59:02,356 - apscheduler.scheduler - INFO - Scheduler has been shut down
2024-08-07 14:59:09,498 - telegram.ext.updater - WARNING - Exiting immediately!
2024-08-07 14:59:28,054 - apscheduler.scheduler - INFO - Scheduler started
2024-08-07 15:00:59,142 - telegram.ext.updater - INFO - Received signal 2 (SIGINT), stopping...
2024-08-07 15:00:59,142 - apscheduler.scheduler - INFO - Scheduler has been shut down
2024-08-07 15:12:33,673 - __main__ - INFO - Starting bot
2024-08-07 15:12:33,677 - apscheduler.scheduler - INFO - Scheduler started
2024-08-07 15:17:33,676 - apscheduler.scheduler - INFO - Scheduler has been shut down
2024-08-07 15:17:41,940 - __main__ - INFO - Bot has been stopped after 5 min
2024-08-07 15:18:38,260 - telegram.ext.updater - WARNING - Exiting immediately!
